Configuring conduit-extra-1.1.13.2...
Building conduit-extra-1.1.13.2...
Preprocessing library conduit-extra-1.1.13.2...
[ 1 of 11] Compiling Data.Conduit.Zlib ( Data\Conduit\Zlib.hs, .stack-work\dist\2672c1f3\build\Data\Conduit\Zlib.o )
[ 2 of 11] Compiling Data.Conduit.Text ( Data\Conduit\Text.hs, .stack-work\dist\2672c1f3\build\Data\Conduit\Text.o )
[ 3 of 11] Compiling Data.Conduit.Network.UDP ( Data\Conduit\Network\UDP.hs, .stack-work\dist\2672c1f3\build\Data\Conduit\Network\UDP.o )
[ 4 of 11] Compiling Data.Conduit.Network ( Data\Conduit\Network.hs, .stack-work\dist\2672c1f3\build\Data\Conduit\Network.o )
[ 5 of 11] Compiling Data.Conduit.Lazy ( Data\Conduit\Lazy.hs, .stack-work\dist\2672c1f3\build\Data\Conduit\Lazy.o )
[ 6 of 11] Compiling Data.Conduit.Filesystem ( Data\Conduit\Filesystem.hs, .stack-work\dist\2672c1f3\build\Data\Conduit\Filesystem.o )
[ 7 of 11] Compiling Data.Conduit.ByteString.Builder ( Data\Conduit\ByteString\Builder.hs, .stack-work\dist\2672c1f3\build\Data\Conduit\ByteString\Builder.o )
[ 8 of 11] Compiling Data.Conduit.Blaze ( Data\Conduit\Blaze.hs, .stack-work\dist\2672c1f3\build\Data\Conduit\Blaze.o )
[ 9 of 11] Compiling Data.Conduit.Binary ( Data\Conduit\Binary.hs, .stack-work\dist\2672c1f3\build\Data\Conduit\Binary.o )

Data\Conduit\Binary.hs:440:28: Warning:
    In the use of `inlinePerformIO'
    (imported from Data.ByteString.Internal):
    Deprecated: "If you think you know what you are doing, use 'unsafePerformIO'. If you are sure you know what you are doing, use 'unsafeDupablePerformIO'. If you enjoy sharing an address space with a malevolent agent of chaos, try 'accursedUnutterablePerformIO'."

Data\Conduit\Binary.hs:442:20: Warning:
    In the use of `inlinePerformIO'
    (imported from Data.ByteString.Internal):
    Deprecated: "If you think you know what you are doing, use 'unsafePerformIO'. If you are sure you know what you are doing, use 'unsafeDupablePerformIO'. If you enjoy sharing an address space with a malevolent agent of chaos, try 'accursedUnutterablePerformIO'."

Data\Conduit\Binary.hs:493:33: Warning:
    This binding for `bs' shadows the existing binding
      bound at Data\Conduit\Binary.hs:485:18

Data\Conduit\Binary.hs:507:36: Warning:
    In the use of `inlinePerformIO'
    (imported from Data.ByteString.Internal):
    Deprecated: "If you think you know what you are doing, use 'unsafePerformIO'. If you are sure you know what you are doing, use 'unsafeDupablePerformIO'. If you enjoy sharing an address space with a malevolent agent of chaos, try 'accursedUnutterablePerformIO'."
[10 of 11] Compiling Data.Conduit.Process ( Data\Conduit\Process.hs, .stack-work\dist\2672c1f3\build\Data\Conduit\Process.o )
[11 of 11] Compiling Data.Conduit.Attoparsec ( Data\Conduit\Attoparsec.hs, .stack-work\dist\2672c1f3\build\Data\Conduit\Attoparsec.o )
In-place registering conduit-extra-1.1.13.2...
Installing library in
C:\Users\Piotr\AppData\Roaming\stack\snapshots\f21484d8\lib\x86_64-windows-ghc-7.10.3\conduit-extra-1.1.13.2-39CwxulFlD8KrXMo5EuAhf
Registering conduit-extra-1.1.13.2...
