Configuring yaml-0.8.18.1...
Building yaml-0.8.18.1...
Preprocessing library yaml-0.8.18.1...
[1 of 9] Compiling Text.Libyaml     ( Text\Libyaml.hs, .stack-work\dist\2672c1f3\build\Text\Libyaml.o )
[2 of 9] Compiling Data.Yaml.Internal ( Data\Yaml\Internal.hs, .stack-work\dist\2672c1f3\build\Data\Yaml\Internal.o )
[3 of 9] Compiling Data.Yaml        ( Data\Yaml.hs, .stack-work\dist\2672c1f3\build\Data\Yaml.o )
[4 of 9] Compiling Data.Yaml.Aeson  ( Data\Yaml\Aeson.hs, .stack-work\dist\2672c1f3\build\Data\Yaml\Aeson.o )
[5 of 9] Compiling Data.Yaml.Builder ( Data\Yaml\Builder.hs, .stack-work\dist\2672c1f3\build\Data\Yaml\Builder.o )
[6 of 9] Compiling Data.Yaml.Pretty ( Data\Yaml\Pretty.hs, .stack-work\dist\2672c1f3\build\Data\Yaml\Pretty.o )
[7 of 9] Compiling Data.Yaml.Include ( Data\Yaml\Include.hs, .stack-work\dist\2672c1f3\build\Data\Yaml\Include.o )
[8 of 9] Compiling Data.Yaml.Config ( Data\Yaml\Config.hs, .stack-work\dist\2672c1f3\build\Data\Yaml\Config.o )
[9 of 9] Compiling Data.Yaml.Parser ( Data\Yaml\Parser.hs, .stack-work\dist\2672c1f3\build\Data\Yaml\Parser.o )
In-place registering yaml-0.8.18.1...
Preprocessing executable 'yaml2json' for yaml-0.8.18.1...
[1 of 1] Compiling Main             ( exe\yaml2json.hs, .stack-work\dist\2672c1f3\build\yaml2json\yaml2json-tmp\Main.o )
Linking .stack-work\dist\2672c1f3\build\yaml2json\yaml2json.exe ...
Preprocessing executable 'json2yaml' for yaml-0.8.18.1...
[1 of 1] Compiling Main             ( exe\json2yaml.hs, .stack-work\dist\2672c1f3\build\json2yaml\json2yaml-tmp\Main.o )
Linking .stack-work\dist\2672c1f3\build\json2yaml\json2yaml.exe ...
Installing library in
C:\Users\Piotr\AppData\Roaming\stack\snapshots\f21484d8\lib\x86_64-windows-ghc-7.10.3\yaml-0.8.18.1-EwEnZoOYNHvHFnvbxlVdKu
Installing executable(s) in
C:\Users\Piotr\AppData\Roaming\stack\snapshots\f21484d8\bin
Registering yaml-0.8.18.1...
